<?xml version="1.0" encoding="UTF-8"?>
<!-- Generated by org.testng.reporters.JUnitXMLReporter -->
<testsuite hostname="Anandit" ignored="0" name="Default test" tests="3" failures="0" timestamp="28 Sep 2018 10:16:07 GMT" time="42.704" errors="0">
  <testcase name="ChangeMobileNo" time="12.216" classname="com.gmc.tests.admin.AdminSearchEmployeeTest"/>
  <testcase name="downloadEcard" time="14.511" classname="com.gmc.tests.admin.AdminSearchEmployeeTest"/>
  <testcase name="searchEmp" time="9.922" classname="com.gmc.tests.admin.AdminSearchEmployeeTest"/>
</testsuite> <!-- Default test -->
