<?xml version="1.0" encoding="UTF-8"?>
<!-- Generated by org.testng.reporters.JUnitXMLReporter -->
<testsuite hostname="niranjan-reddy" ignored="0" name="Chrome Tests" tests="17" failures="0" timestamp="11 Jul 2019 06:00:55 GMT" time="9.373" errors="0">
  <testcase name="@BeforeClass setUp" time="0.0" classname="com.ieasy.tests.PrivateCarTest">
    <failure type="java.lang.NullPointerException">
      <![CDATA[java.lang.NullPointerException
at com.ieasy.tests.PrivateCarTest.setUp(PrivateCarTest.java:27)
... Removed 26 stack frames]]>
    </failure>
  </testcase> <!-- @BeforeClass setUp -->
  <testcase name="@AfterClass tearDown" time="0.0" classname="com.ieasy.base.TestBase">
    <skipped/>
  </testcase> <!-- @AfterClass tearDown -->
  <testcase name="testPrivateCar" time="0.0" classname="com.ieasy.tests.PrivateCarTest">
    <skipped/>
  </testcase> <!-- testPrivateCar -->
  <testcase name="testPrivateCar" time="0.0" classname="com.ieasy.tests.PrivateCarTest">
    <skipped/>
  </testcase> <!-- testPrivateCar -->
  <testcase name="testPrivateCar" time="0.0" classname="com.ieasy.tests.PrivateCarTest">
    <skipped/>
  </testcase> <!-- testPrivateCar -->
  <testcase name="testPrivateCar" time="0.0" classname="com.ieasy.tests.PrivateCarTest">
    <skipped/>
  </testcase> <!-- testPrivateCar -->
  <testcase name="testPrivateCar" time="0.0" classname="com.ieasy.tests.PrivateCarTest">
    <skipped/>
  </testcase> <!-- testPrivateCar -->
  <testcase name="testPrivateCar" time="0.0" classname="com.ieasy.tests.PrivateCarTest">
    <skipped/>
  </testcase> <!-- testPrivateCar -->
  <testcase name="testPrivateCar" time="0.0" classname="com.ieasy.tests.PrivateCarTest">
    <skipped/>
  </testcase> <!-- testPrivateCar -->
  <testcase name="testPrivateCar" time="0.0" classname="com.ieasy.tests.PrivateCarTest">
    <skipped/>
  </testcase> <!-- testPrivateCar -->
  <testcase name="testPrivateCar" time="0.0" classname="com.ieasy.tests.PrivateCarTest">
    <skipped/>
  </testcase> <!-- testPrivateCar -->
  <testcase name="testPrivateCar" time="0.0" classname="com.ieasy.tests.PrivateCarTest">
    <skipped/>
  </testcase> <!-- testPrivateCar -->
  <testcase name="testPrivateCar" time="0.0" classname="com.ieasy.tests.PrivateCarTest">
    <skipped/>
  </testcase> <!-- testPrivateCar -->
  <testcase name="testPrivateCar" time="0.0" classname="com.ieasy.tests.PrivateCarTest">
    <skipped/>
  </testcase> <!-- testPrivateCar -->
  <testcase name="testPrivateCar" time="0.0" classname="com.ieasy.tests.PrivateCarTest">
    <skipped/>
  </testcase> <!-- testPrivateCar -->
  <testcase name="testPrivateCar" time="0.0" classname="com.ieasy.tests.PrivateCarTest">
    <skipped/>
  </testcase> <!-- testPrivateCar -->
  <testcase name="testPrivateCar" time="0.0" classname="com.ieasy.tests.PrivateCarTest">
    <skipped/>
  </testcase> <!-- testPrivateCar -->
  <testcase name="testPrivateCar" time="0.0" classname="com.ieasy.tests.PrivateCarTest">
    <skipped/>
  </testcase> <!-- testPrivateCar -->
  <testcase name="testPrivateCar" time="0.0" classname="com.ieasy.tests.PrivateCarTest">
    <skipped/>
  </testcase> <!-- testPrivateCar -->
</testsuite> <!-- Chrome Tests -->
