<?xml version="1.0" encoding="UTF-8"?>
<!-- Generated by org.testng.reporters.JUnitXMLReporter -->
<testsuite hostname="Anandit" ignored="0" name="firefox Tests" tests="2" failures="1" timestamp="03 Oct 2018 10:05:56 GMT" time="24.7" errors="0">
  <testcase name="@BeforeClass setUp" time="0.227" classname="com.gmc.tests.admin.AdminLoginTest">
    <failure type="java.lang.NullPointerException">
      <![CDATA[java.lang.NullPointerException
at com.gmc.tests.admin.AdminLoginTest.setUp(AdminLoginTest.java:31)
at java.util.concurrent.FutureTask.run(Unknown Source)
at java.util.concurrent.ThreadPoolExecutor.runWorker(Unknown Source)
at java.util.concurrent.ThreadPoolExecutor$Worker.run(Unknown Source)
at java.lang.Thread.run(Unknown Source)
... Removed 17 stack frames]]>
    </failure>
  </testcase> <!-- @BeforeClass setUp -->
  <testcase name="@BeforeMethod initTest" time="0.0" classname="com.gmc.base.TestBase">
    <skipped/>
  </testcase> <!-- @BeforeMethod initTest -->
  <testcase name="@BeforeClass setUp" time="0.966" classname="com.gmc.tests.admin.AdminLoginTest">
    <failure type="java.lang.NullPointerException">
      <![CDATA[java.lang.NullPointerException
at com.gmc.tests.admin.AdminLoginTest.setUp(AdminLoginTest.java:31)
at java.util.concurrent.FutureTask.run(Unknown Source)
at java.util.concurrent.ThreadPoolExecutor.runWorker(Unknown Source)
at java.util.concurrent.ThreadPoolExecutor$Worker.run(Unknown Source)
at java.lang.Thread.run(Unknown Source)
... Removed 17 stack frames]]>
    </failure>
  </testcase> <!-- @BeforeClass setUp -->
  <testcase name="@BeforeMethod initTest" time="0.0" classname="com.gmc.base.TestBase">
    <skipped/>
  </testcase> <!-- @BeforeMethod initTest -->
  <testcase name="invalidUsername" time="0.0" classname="com.gmc.tests.admin.AdminLoginTest">
    <skipped/>
  </testcase> <!-- invalidUsername -->
  <testcase name="invalidUsername" time="0.003" classname="com.gmc.tests.admin.AdminLoginTest">
    <failure type="java.lang.NullPointerException">
      <![CDATA[java.lang.NullPointerException
at com.gmc.base.TestListener.onTestSkipped(TestListener.java:93)
at java.util.concurrent.FutureTask.run(Unknown Source)
at java.util.concurrent.ThreadPoolExecutor.runWorker(Unknown Source)
at java.util.concurrent.ThreadPoolExecutor$Worker.run(Unknown Source)
at java.lang.Thread.run(Unknown Source)
... Removed 14 stack frames]]>
    </failure>
  </testcase> <!-- invalidUsername -->
</testsuite> <!-- firefox Tests -->
