<?xml version="1.0" encoding="UTF-8"?>
<!-- Generated by org.testng.reporters.JUnitXMLReporter -->
<testsuite hostname="Anandit" ignored="0" name="Firefox Tests" tests="2" failures="2" timestamp="29 Sep 2018 07:07:25 GMT" time="0.111" errors="0">
  <testcase name="invalidUsername" time="0.071" classname="com.gmc.tests.admin.AdminLoginTest">
    <failure type="java.lang.NullPointerException">
      <![CDATA[java.lang.NullPointerException
at java.util.Objects.requireNonNull(Unknown Source)
at org.openqa.selenium.support.ui.FluentWait.<init>(FluentWait.java:115)
at org.openqa.selenium.support.ui.WebDriverWait.<init>(WebDriverWait.java:102)
at org.openqa.selenium.support.ui.WebDriverWait.<init>(WebDriverWait.java:45)
at com.gmc.pageobjects.admin.AdminLoginPage.<init>(AdminLoginPage.java:16)
at com.gmc.tests.admin.AdminLoginTest.invalidUsername(AdminLoginTest.java:37)
... Removed 25 stack frames]]>
    </failure>
  </testcase> <!-- invalidUsername -->
  <testcase name="validloginTest" time="0.001" classname="com.gmc.tests.admin.AdminLoginTest">
    <failure type="java.lang.NullPointerException">
      <![CDATA[java.lang.NullPointerException
at java.util.Objects.requireNonNull(Unknown Source)
at org.openqa.selenium.support.ui.FluentWait.<init>(FluentWait.java:115)
at org.openqa.selenium.support.ui.WebDriverWait.<init>(WebDriverWait.java:102)
at org.openqa.selenium.support.ui.WebDriverWait.<init>(WebDriverWait.java:45)
at com.gmc.pageobjects.admin.AdminLoginPage.<init>(AdminLoginPage.java:16)
at com.gmc.tests.admin.AdminLoginTest.validloginTest(AdminLoginTest.java:27)
... Removed 25 stack frames]]>
    </failure>
  </testcase> <!-- validloginTest -->
</testsuite> <!-- Firefox Tests -->
