<?xml version="1.0" encoding="UTF-8"?>
<testsuite xmlns:xsi="http://www.w3.org/2001/XMLSchema-instance" xsi:schemaLocation="https://maven.apache.org/surefire/maven-surefire-plugin/xsd/surefire-test-report.xsd" name="TestSuite" time="62.657" tests="10" errors="0" skipped="0" failures="10">
  <properties>
[...]
</properties>
  <testcase name="sendEmail" classname="com.gmc.tests.admin.SendWelcomeEmailTest" time="7.173">
    <failure message="Expected condition failed: waiting for presence of element located by: By.cssSelector: tbody td a:contains(&apos;send mail&apos;) (tried for 5 second(s) with 500 milliseconds interval)" type="org.openqa.selenium.TimeoutException">org.openqa.selenium.TimeoutException: Expected condition failed: waiting for presence of element located by: By.cssSelector: tbody td a:contains('send mail') (tried for 5 second(s) with 500 milliseconds interval)
	at com.gmc.tests.admin.SendWelcomeEmailTest.sendEmail(SendWelcomeEmailTest.java:63)
Caused by: org.openqa.selenium.InvalidSelectorException: 
invalid selector: An invalid or illegal selector was specified
  (Session info: chrome=69.0.3497.100)
  (Driver info: chromedriver=2.42.591088 (7b2b2dca23cca0862f674758c9a3933e685c27d5),platform=Windows NT 6.3.9600 x86) (WARNING: The server did not provide any stacktrace information)
Command duration or timeout: 0 milliseconds
For documentation on this error, please visit: http://seleniumhq.org/exceptions/invalid_selector_exception.html
Build info: version: '3.14.0', revision: 'aacccce0', time: '2018-08-02T20:19:58.91Z'
System info: host: 'HARRY', ip: '192.168.56.1', os.name: 'Windows 8.1', os.arch: 'x86', os.version: '6.3', java.version: '1.8.0_101'
Driver info: org.openqa.selenium.chrome.ChromeDriver
Capabilities {acceptInsecureCerts: false, acceptSslCerts: false, applicationCacheEnabled: false, browserConnectionEnabled: false, browserName: chrome, chrome: {chromedriverVersion: 2.42.591088 (7b2b2dca23cca0..., userDataDir: C:\Users\VISISHTA\AppData\L...}, cssSelectorsEnabled: true, databaseEnabled: false, goog:chromeOptions: {debuggerAddress: localhost:64499}, handlesAlerts: true, hasTouchScreen: false, javascriptEnabled: true, locationContextEnabled: true, mobileEmulationEnabled: false, nativeEvents: true, networkConnectionEnabled: false, pageLoadStrategy: normal, platform: XP, platformName: XP, rotatable: false, setWindowRect: true, takesHeapSnapshot: true, takesScreenshot: true, unexpectedAlertBehaviour: , unhandledPromptBehavior: , version: 69.0.3497.100, webStorageEnabled: true}
Session ID: b5d4c5efff2d0dd4422033677cfb049e
*** Element info: {Using=css selector, value=tbody td a:contains('send mail')}
	at com.gmc.tests.admin.SendWelcomeEmailTest.sendEmail(SendWelcomeEmailTest.java:63)
</failure>
    <system-out><![CDATA[Launching google chrome with new profile..
Welcome text - Welcome SAHANA
Expected Welcome text - Welcome SAHANA
]]></system-out>
    <system-err><![CDATA[Starting ChromeDriver 2.42.591088 (7b2b2dca23cca0862f674758c9a3933e685c27d5) on port 24105
Only local connections are allowed.
Sep 22, 2018 5:31:25 PM org.openqa.selenium.remote.ProtocolHandshake createSession
INFO: Detected dialect: OSS
]]></system-err>
  </testcase>
  <testcase name="sendEmail" classname="com.gmc.tests.admin.SendWelcomeEmailTest" time="5.262">
    <failure message="Expected condition failed: waiting for presence of element located by: By.id: txtUserName (tried for 5 second(s) with 500 milliseconds interval)" type="org.openqa.selenium.TimeoutException">org.openqa.selenium.TimeoutException: Expected condition failed: waiting for presence of element located by: By.id: txtUserName (tried for 5 second(s) with 500 milliseconds interval)
	at com.gmc.tests.admin.SendWelcomeEmailTest.sendEmail(SendWelcomeEmailTest.java:55)
Caused by: org.openqa.selenium.NoSuchElementException: 
Cannot locate an element using By.id: txtUserName
For documentation on this error, please visit: http://seleniumhq.org/exceptions/no_such_element.html
Build info: version: '3.14.0', revision: 'aacccce0', time: '2018-08-02T20:19:58.91Z'
System info: host: 'HARRY', ip: '192.168.56.1', os.name: 'Windows 8.1', os.arch: 'x86', os.version: '6.3', java.version: '1.8.0_101'
Driver info: driver.version: unknown
	at com.gmc.tests.admin.SendWelcomeEmailTest.sendEmail(SendWelcomeEmailTest.java:55)
</failure>
  </testcase>
  <testcase name="sendEmail" classname="com.gmc.tests.admin.SendWelcomeEmailTest" time="5.325">
    <failure message="Expected condition failed: waiting for presence of element located by: By.id: txtUserName (tried for 5 second(s) with 500 milliseconds interval)" type="org.openqa.selenium.TimeoutException">org.openqa.selenium.TimeoutException: Expected condition failed: waiting for presence of element located by: By.id: txtUserName (tried for 5 second(s) with 500 milliseconds interval)
	at com.gmc.tests.admin.SendWelcomeEmailTest.sendEmail(SendWelcomeEmailTest.java:55)
Caused by: org.openqa.selenium.NoSuchElementException: 
Cannot locate an element using By.id: txtUserName
For documentation on this error, please visit: http://seleniumhq.org/exceptions/no_such_element.html
Build info: version: '3.14.0', revision: 'aacccce0', time: '2018-08-02T20:19:58.91Z'
System info: host: 'HARRY', ip: '192.168.56.1', os.name: 'Windows 8.1', os.arch: 'x86', os.version: '6.3', java.version: '1.8.0_101'
Driver info: driver.version: unknown
	at com.gmc.tests.admin.SendWelcomeEmailTest.sendEmail(SendWelcomeEmailTest.java:55)
</failure>
  </testcase>
  <testcase name="sendEmail" classname="com.gmc.tests.admin.SendWelcomeEmailTest" time="5.318">
    <failure message="Expected condition failed: waiting for presence of element located by: By.id: txtUserName (tried for 5 second(s) with 500 milliseconds interval)" type="org.openqa.selenium.TimeoutException">org.openqa.selenium.TimeoutException: Expected condition failed: waiting for presence of element located by: By.id: txtUserName (tried for 5 second(s) with 500 milliseconds interval)
	at com.gmc.tests.admin.SendWelcomeEmailTest.sendEmail(SendWelcomeEmailTest.java:55)
Caused by: org.openqa.selenium.NoSuchElementException: 
Cannot locate an element using By.id: txtUserName
For documentation on this error, please visit: http://seleniumhq.org/exceptions/no_such_element.html
Build info: version: '3.14.0', revision: 'aacccce0', time: '2018-08-02T20:19:58.91Z'
System info: host: 'HARRY', ip: '192.168.56.1', os.name: 'Windows 8.1', os.arch: 'x86', os.version: '6.3', java.version: '1.8.0_101'
Driver info: driver.version: unknown
	at com.gmc.tests.admin.SendWelcomeEmailTest.sendEmail(SendWelcomeEmailTest.java:55)
</failure>
  </testcase>
  <testcase name="sendEmail" classname="com.gmc.tests.admin.SendWelcomeEmailTest" time="5.298">
    <failure message="Expected condition failed: waiting for presence of element located by: By.id: txtUserName (tried for 5 second(s) with 500 milliseconds interval)" type="org.openqa.selenium.TimeoutException">org.openqa.selenium.TimeoutException: Expected condition failed: waiting for presence of element located by: By.id: txtUserName (tried for 5 second(s) with 500 milliseconds interval)
	at com.gmc.tests.admin.SendWelcomeEmailTest.sendEmail(SendWelcomeEmailTest.java:55)
Caused by: org.openqa.selenium.NoSuchElementException: 
Cannot locate an element using By.id: txtUserName
For documentation on this error, please visit: http://seleniumhq.org/exceptions/no_such_element.html
Build info: version: '3.14.0', revision: 'aacccce0', time: '2018-08-02T20:19:58.91Z'
System info: host: 'HARRY', ip: '192.168.56.1', os.name: 'Windows 8.1', os.arch: 'x86', os.version: '6.3', java.version: '1.8.0_101'
Driver info: driver.version: unknown
	at com.gmc.tests.admin.SendWelcomeEmailTest.sendEmail(SendWelcomeEmailTest.java:55)
</failure>
  </testcase>
  <testcase name="sendEmail" classname="com.gmc.tests.admin.SendWelcomeEmailTest" time="5.299">
    <failure message="Expected condition failed: waiting for presence of element located by: By.id: txtUserName (tried for 5 second(s) with 500 milliseconds interval)" type="org.openqa.selenium.TimeoutException">org.openqa.selenium.TimeoutException: Expected condition failed: waiting for presence of element located by: By.id: txtUserName (tried for 5 second(s) with 500 milliseconds interval)
	at com.gmc.tests.admin.SendWelcomeEmailTest.sendEmail(SendWelcomeEmailTest.java:55)
Caused by: org.openqa.selenium.NoSuchElementException: 
Cannot locate an element using By.id: txtUserName
For documentation on this error, please visit: http://seleniumhq.org/exceptions/no_such_element.html
Build info: version: '3.14.0', revision: 'aacccce0', time: '2018-08-02T20:19:58.91Z'
System info: host: 'HARRY', ip: '192.168.56.1', os.name: 'Windows 8.1', os.arch: 'x86', os.version: '6.3', java.version: '1.8.0_101'
Driver info: driver.version: unknown
	at com.gmc.tests.admin.SendWelcomeEmailTest.sendEmail(SendWelcomeEmailTest.java:55)
</failure>
  </testcase>
  <testcase name="sendEmail" classname="com.gmc.tests.admin.SendWelcomeEmailTest" time="5.265">
    <failure message="Expected condition failed: waiting for presence of element located by: By.id: txtUserName (tried for 5 second(s) with 500 milliseconds interval)" type="org.openqa.selenium.TimeoutException">org.openqa.selenium.TimeoutException: Expected condition failed: waiting for presence of element located by: By.id: txtUserName (tried for 5 second(s) with 500 milliseconds interval)
	at com.gmc.tests.admin.SendWelcomeEmailTest.sendEmail(SendWelcomeEmailTest.java:55)
Caused by: org.openqa.selenium.NoSuchElementException: 
Cannot locate an element using By.id: txtUserName
For documentation on this error, please visit: http://seleniumhq.org/exceptions/no_such_element.html
Build info: version: '3.14.0', revision: 'aacccce0', time: '2018-08-02T20:19:58.91Z'
System info: host: 'HARRY', ip: '192.168.56.1', os.name: 'Windows 8.1', os.arch: 'x86', os.version: '6.3', java.version: '1.8.0_101'
Driver info: driver.version: unknown
	at com.gmc.tests.admin.SendWelcomeEmailTest.sendEmail(SendWelcomeEmailTest.java:55)
</failure>
  </testcase>
  <testcase name="sendEmail" classname="com.gmc.tests.admin.SendWelcomeEmailTest" time="5.25">
    <failure message="Expected condition failed: waiting for presence of element located by: By.id: txtUserName (tried for 5 second(s) with 500 milliseconds interval)" type="org.openqa.selenium.TimeoutException">org.openqa.selenium.TimeoutException: Expected condition failed: waiting for presence of element located by: By.id: txtUserName (tried for 5 second(s) with 500 milliseconds interval)
	at com.gmc.tests.admin.SendWelcomeEmailTest.sendEmail(SendWelcomeEmailTest.java:55)
Caused by: org.openqa.selenium.NoSuchElementException: 
Cannot locate an element using By.id: txtUserName
For documentation on this error, please visit: http://seleniumhq.org/exceptions/no_such_element.html
Build info: version: '3.14.0', revision: 'aacccce0', time: '2018-08-02T20:19:58.91Z'
System info: host: 'HARRY', ip: '192.168.56.1', os.name: 'Windows 8.1', os.arch: 'x86', os.version: '6.3', java.version: '1.8.0_101'
Driver info: driver.version: unknown
	at com.gmc.tests.admin.SendWelcomeEmailTest.sendEmail(SendWelcomeEmailTest.java:55)
</failure>
  </testcase>
  <testcase name="sendEmail" classname="com.gmc.tests.admin.SendWelcomeEmailTest" time="5.254">
    <failure message="Expected condition failed: waiting for presence of element located by: By.id: txtUserName (tried for 5 second(s) with 500 milliseconds interval)" type="org.openqa.selenium.TimeoutException">org.openqa.selenium.TimeoutException: Expected condition failed: waiting for presence of element located by: By.id: txtUserName (tried for 5 second(s) with 500 milliseconds interval)
	at com.gmc.tests.admin.SendWelcomeEmailTest.sendEmail(SendWelcomeEmailTest.java:55)
Caused by: org.openqa.selenium.NoSuchElementException: 
Cannot locate an element using By.id: txtUserName
For documentation on this error, please visit: http://seleniumhq.org/exceptions/no_such_element.html
Build info: version: '3.14.0', revision: 'aacccce0', time: '2018-08-02T20:19:58.91Z'
System info: host: 'HARRY', ip: '192.168.56.1', os.name: 'Windows 8.1', os.arch: 'x86', os.version: '6.3', java.version: '1.8.0_101'
Driver info: driver.version: unknown
	at com.gmc.tests.admin.SendWelcomeEmailTest.sendEmail(SendWelcomeEmailTest.java:55)
</failure>
  </testcase>
  <testcase name="sendEmail" classname="com.gmc.tests.admin.SendWelcomeEmailTest" time="5.177">
    <failure message="Expected condition failed: waiting for presence of element located by: By.id: txtUserName (tried for 5 second(s) with 500 milliseconds interval)" type="org.openqa.selenium.TimeoutException">org.openqa.selenium.TimeoutException: Expected condition failed: waiting for presence of element located by: By.id: txtUserName (tried for 5 second(s) with 500 milliseconds interval)
	at com.gmc.tests.admin.SendWelcomeEmailTest.sendEmail(SendWelcomeEmailTest.java:55)
Caused by: org.openqa.selenium.NoSuchElementException: 
Cannot locate an element using By.id: txtUserName
For documentation on this error, please visit: http://seleniumhq.org/exceptions/no_such_element.html
Build info: version: '3.14.0', revision: 'aacccce0', time: '2018-08-02T20:19:58.91Z'
System info: host: 'HARRY', ip: '192.168.56.1', os.name: 'Windows 8.1', os.arch: 'x86', os.version: '6.3', java.version: '1.8.0_101'
Driver info: driver.version: unknown
	at com.gmc.tests.admin.SendWelcomeEmailTest.sendEmail(SendWelcomeEmailTest.java:55)
</failure>
  </testcase>
</testsuite>