<?xml version="1.0" encoding="UTF-8"?>
<testng-results skipped="0" failed="1" ignored="0" total="1" passed="0">
  <reporter-output>
  </reporter-output>
  <suite name="Default suite" duration-ms="18737" started-at="2018-10-30T10:35:17Z" finished-at="2018-10-30T10:35:36Z">
    <groups>
    </groups>
    <test name="Default test" duration-ms="18737" started-at="2018-10-30T10:35:17Z" finished-at="2018-10-30T10:35:36Z">
      <class name="com.gmc.tests.admin.AdminUpdateDependentsTest">
        <test-method status="PASS" signature="initializeTestBaseSetup(java.lang.String, java.lang.String, org.testng.ITestContext)[pri:0, instance:com.gmc.tests.admin.AdminUpdateDependentsTest@646db9]" name="initializeTestBaseSetup" is-config="true" duration-ms="14907" started-at="2018-10-30T10:35:17Z" finished-at="2018-10-30T10:35:32Z">
          <params>
            <param index="0">
              <value>
                <![CDATA[chrome]]>
              </value>
            </param>
            <param index="1">
              <value>
                <![CDATA[http://dev.isbsindia.in/mmenroll/]]>
              </value>
            </param>
            <param index="2">
              <value>
                <![CDATA[org.testng.TestRunner@d5eb72]]>
              </value>
            </param>
          </params>
          <reporter-output>
          </reporter-output>
        </test-method> <!-- initializeTestBaseSetup -->
        <test-method status="PASS" signature="setUp()[pri:0, instance:com.gmc.tests.admin.AdminUpdateDependentsTest@646db9]" name="setUp" is-config="true" duration-ms="2008" started-at="2018-10-30T10:35:32Z" finished-at="2018-10-30T10:35:34Z">
          <reporter-output>
          </reporter-output>
        </test-method> <!-- setUp -->
        <test-method status="FAIL" signature="searchEmp()[pri:0, instance:com.gmc.tests.admin.AdminUpdateDependentsTest@646db9]" name="searchEmp" duration-ms="1056" started-at="2018-10-30T10:35:34Z" finished-at="2018-10-30T10:35:35Z">
          <exception class="java.lang.NullPointerException">
            <full-stacktrace>
              <![CDATA[java.lang.NullPointerException
at com.gmc.tests.admin.AdminUpdateDependentsTest.searchEmp(AdminUpdateDependentsTest.java:52)
at sun.reflect.NativeMethodAccessorImpl.invoke0(Native Method)
at sun.reflect.NativeMethodAccessorImpl.invoke(Unknown Source)
at sun.reflect.DelegatingMethodAccessorImpl.invoke(Unknown Source)
at java.lang.reflect.Method.invoke(Unknown Source)
at org.testng.internal.MethodInvocationHelper.invokeMethod(MethodInvocationHelper.java:124)
at org.testng.internal.Invoker.invokeMethod(Invoker.java:583)
at org.testng.internal.Invoker.invokeTestMethod(Invoker.java:719)
at org.testng.internal.Invoker.invokeTestMethods(Invoker.java:989)
at org.testng.internal.TestMethodWorker.invokeTestMethods(TestMethodWorker.java:125)
at org.testng.internal.TestMethodWorker.run(TestMethodWorker.java:109)
at org.testng.TestRunner.privateRun(TestRunner.java:648)
at org.testng.TestRunner.run(TestRunner.java:505)
at org.testng.SuiteRunner.runTest(SuiteRunner.java:455)
at org.testng.SuiteRunner.runSequentially(SuiteRunner.java:450)
at org.testng.SuiteRunner.privateRun(SuiteRunner.java:415)
at org.testng.SuiteRunner.run(SuiteRunner.java:364)
at org.testng.SuiteRunnerWorker.runSuite(SuiteRunnerWorker.java:52)
at org.testng.SuiteRunnerWorker.run(SuiteRunnerWorker.java:84)
at org.testng.TestNG.runSuitesSequentially(TestNG.java:1208)
at org.testng.TestNG.runSuitesLocally(TestNG.java:1137)
at org.testng.TestNG.runSuites(TestNG.java:1049)
at org.testng.TestNG.run(TestNG.java:1017)
at org.testng.remote.AbstractRemoteTestNG.run(AbstractRemoteTestNG.java:114)
at org.testng.remote.RemoteTestNG.initAndRun(RemoteTestNG.java:251)
at org.testng.remote.RemoteTestNG.main(RemoteTestNG.java:77)
]]>
            </full-stacktrace>
          </exception> <!-- java.lang.NullPointerException -->
          <reporter-output>
          </reporter-output>
        </test-method> <!-- searchEmp -->
        <test-method status="PASS" signature="tearDown()[pri:0, instance:com.gmc.tests.admin.AdminUpdateDependentsTest@646db9]" name="tearDown" is-config="true" duration-ms="656" started-at="2018-10-30T10:35:35Z" finished-at="2018-10-30T10:35:36Z">
          <reporter-output>
          </reporter-output>
        </test-method> <!-- tearDown -->
      </class> <!-- com.gmc.tests.admin.AdminUpdateDependentsTest -->
    </test> <!-- Default test -->
  </suite> <!-- Default suite -->
</testng-results>
